2026-03-25 08:05:05.010 +0545 [5] LOG:  starting PostgreSQL 16.13 (Ubuntu 16.13-0ubuntu0.24.04.1) on x86_64-pc-linux-gnu, compiled by gcc (Ubuntu 13.3.0-6ubuntu2~24.04.1) 13.3.0, 64-bit
2026-03-25 08:05:05.010 +0545 [5] LOG:  could not create IPv4 socket for address "127.0.0.1": Operation not permitted
2026-03-25 08:05:05.010 +0545 [5] WARNING:  could not create listen socket for "localhost"
2026-03-25 08:05:05.035 +0545 [5] FATAL:  could not create any TCP/IP sockets
2026-03-25 08:05:05.038 +0545 [5] LOG:  database system is shut down
2026-03-25 08:05:17.237 +0545 [5] LOG:  starting PostgreSQL 16.13 (Ubuntu 16.13-0ubuntu0.24.04.1) on x86_64-pc-linux-gnu, compiled by gcc (Ubuntu 13.3.0-6ubuntu2~24.04.1) 13.3.0, 64-bit
2026-03-25 08:05:17.442 +0545 [5] LOG:  could not bind Unix address "/home/sanjeev/Hakathone/.postgres-run/.s.PGSQL.5432": Operation not permitted
2026-03-25 08:05:17.442 +0545 [5] WARNING:  could not create Unix-domain socket in directory "/home/sanjeev/Hakathone/.postgres-run"
2026-03-25 08:05:17.442 +0545 [5] FATAL:  could not create any Unix-domain sockets
2026-03-25 08:05:17.444 +0545 [5] LOG:  database system is shut down
2026-03-25 08:05:39.497 +0545 [12716] LOG:  starting PostgreSQL 16.13 (Ubuntu 16.13-0ubuntu0.24.04.1) on x86_64-pc-linux-gnu, compiled by gcc (Ubuntu 13.3.0-6ubuntu2~24.04.1) 13.3.0, 64-bit
2026-03-25 08:05:39.786 +0545 [12716] LOG:  listening on Unix socket "/tmp/.s.PGSQL.5432"
2026-03-25 08:05:39.959 +0545 [12721] LOG:  database system was shut down at 2026-03-25 08:04:52 +0545
2026-03-25 08:05:40.007 +0545 [12716] LOG:  database system is ready to accept connections
2026-03-25 08:10:40.058 +0545 [12719] LOG:  checkpoint starting: time
2026-03-25 08:12:20.565 +0545 [12719] LOG:  checkpoint complete: wrote 994 buffers (6.1%); 0 WAL file(s) added, 0 removed, 0 recycled; write=99.759 s, sync=0.416 s, total=100.508 s; sync files=337, longest=0.039 s, average=0.002 s; distance=4699 kB, estimate=4699 kB; lsn=0/198AB30, redo lsn=0/198A548
2026-03-25 08:15:40.665 +0545 [12719] LOG:  checkpoint starting: time
2026-03-25 08:15:42.130 +0545 [12719] LOG:  checkpoint complete: wrote 11 buffers (0.1%); 0 WAL file(s) added, 0 removed, 0 recycled; write=1.150 s, sync=0.053 s, total=1.466 s; sync files=9, longest=0.032 s, average=0.006 s; distance=2 kB, estimate=4229 kB; lsn=0/198AF70, redo lsn=0/198AF38
2026-03-25 09:00:28.376 +0545 [12719] LOG:  checkpoint starting: time
2026-03-25 09:00:30.609 +0545 [12719] LOG:  checkpoint complete: wrote 11 buffers (0.1%); 0 WAL file(s) added, 0 removed, 0 recycled; write=1.043 s, sync=0.850 s, total=2.233 s; sync files=9, longest=0.830 s, average=0.095 s; distance=3 kB, estimate=3807 kB; lsn=0/198BCE8, redo lsn=0/198BCB0
2026-03-25 09:10:28.733 +0545 [12719] LOG:  checkpoint starting: time
2026-03-25 09:10:32.249 +0545 [12719] LOG:  checkpoint complete: wrote 11 buffers (0.1%); 0 WAL file(s) added, 0 removed, 0 recycled; write=1.144 s, sync=1.580 s, total=3.516 s; sync files=9, longest=0.580 s, average=0.176 s; distance=3 kB, estimate=3426 kB; lsn=0/198C918, redo lsn=0/198C8E0
2026-03-25 09:35:28.749 +0545 [12719] LOG:  checkpoint starting: time
2026-03-25 09:35:29.822 +0545 [12719] LOG:  checkpoint complete: wrote 7 buffers (0.0%); 0 WAL file(s) added, 0 removed, 0 recycled; write=0.741 s, sync=0.064 s, total=1.073 s; sync files=7, longest=0.042 s, average=0.010 s; distance=2 kB, estimate=3084 kB; lsn=0/198D3B0, redo lsn=0/198D378
2026-03-25 13:30:33.206 +0545 [12719] LOG:  checkpoint starting: time
2026-03-25 13:30:34.246 +0545 [12719] LOG:  checkpoint complete: wrote 8 buffers (0.0%); 0 WAL file(s) added, 0 removed, 0 recycled; write=0.760 s, sync=0.072 s, total=1.143 s; sync files=8, longest=0.040 s, average=0.009 s; distance=3 kB, estimate=2776 kB; lsn=0/198E2C8, redo lsn=0/198E290
2026-03-25 13:35:33.299 +0545 [12719] LOG:  checkpoint starting: time
2026-03-25 13:35:34.320 +0545 [12719] LOG:  checkpoint complete: wrote 8 buffers (0.0%); 0 WAL file(s) added, 0 removed, 0 recycled; write=0.738 s, sync=0.061 s, total=1.021 s; sync files=8, longest=0.040 s, average=0.008 s; distance=5 kB, estimate=2499 kB; lsn=0/198FA00, redo lsn=0/198F9C8
2026-03-25 14:00:33.731 +0545 [12719] LOG:  checkpoint starting: time
2026-03-25 14:00:34.921 +0545 [12719] LOG:  checkpoint complete: wrote 8 buffers (0.0%); 0 WAL file(s) added, 0 removed, 0 recycled; write=0.869 s, sync=0.055 s, total=1.191 s; sync files=8, longest=0.035 s, average=0.007 s; distance=5 kB, estimate=2249 kB; lsn=0/19910E8, redo lsn=0/19910B0
2026-03-25 14:10:34.072 +0545 [12719] LOG:  checkpoint starting: time
2026-03-25 14:10:35.347 +0545 [12719] LOG:  checkpoint complete: wrote 9 buffers (0.1%); 0 WAL file(s) added, 0 removed, 0 recycled; write=0.942 s, sync=0.061 s, total=1.275 s; sync files=9, longest=0.041 s, average=0.007 s; distance=5 kB, estimate=2025 kB; lsn=0/19925C8, redo lsn=0/1992590
2026-03-25 14:55:35.186 +0545 [12719] LOG:  checkpoint starting: time
2026-03-25 14:55:36.525 +0545 [12719] LOG:  checkpoint complete: wrote 3 buffers (0.0%); 0 WAL file(s) added, 0 removed, 0 recycled; write=0.339 s, sync=0.052 s, total=1.339 s; sync files=3, longest=0.034 s, average=0.018 s; distance=1 kB, estimate=1823 kB; lsn=0/1992DA8, redo lsn=0/1992D70
2026-03-25 15:45:36.528 +0545 [12719] LOG:  checkpoint starting: time
2026-03-25 15:45:37.698 +0545 [12719] LOG:  checkpoint complete: wrote 8 buffers (0.0%); 0 WAL file(s) added, 0 removed, 0 recycled; write=0.865 s, sync=0.060 s, total=1.171 s; sync files=8, longest=0.039 s, average=0.008 s; distance=8 kB, estimate=1641 kB; lsn=0/1994EB0, redo lsn=0/1994E78
2026-03-25 20:34:47.864 +0545 [53246] LOG:  could not receive data from client: Connection reset by peer
2026-03-25 20:38:24.147 +0545 [12719] LOG:  checkpoint starting: time
2026-03-25 20:38:26.723 +0545 [12719] LOG:  checkpoint complete: wrote 21 buffers (0.1%); 0 WAL file(s) added, 0 removed, 0 recycled; write=2.271 s, sync=0.098 s, total=2.576 s; sync files=15, longest=0.035 s, average=0.007 s; distance=51 kB, estimate=1482 kB; lsn=0/19A1E30, redo lsn=0/19A1DF8
2026-03-25 21:13:26.185 +0545 [12719] LOG:  checkpoint starting: time
2026-03-25 21:13:27.081 +0545 [12719] LOG:  checkpoint complete: wrote 5 buffers (0.0%); 0 WAL file(s) added, 0 removed, 0 recycled; write=0.554 s, sync=0.071 s, total=0.914 s; sync files=5, longest=0.036 s, average=0.015 s; distance=5 kB, estimate=1334 kB; lsn=0/19A3430, redo lsn=0/19A33F8
2026-03-25 21:23:26.204 +0545 [12719] LOG:  checkpoint starting: time
2026-03-25 21:23:27.580 +0545 [12719] LOG:  checkpoint complete: wrote 4 buffers (0.0%); 0 WAL file(s) added, 0 removed, 0 recycled; write=0.442 s, sync=0.061 s, total=1.377 s; sync files=4, longest=0.042 s, average=0.016 s; distance=4 kB, estimate=1201 kB; lsn=0/19A4758, redo lsn=0/19A4720
2026-03-25 21:33:26.780 +0545 [12719] LOG:  checkpoint starting: time
2026-03-25 21:33:29.164 +0545 [12719] LOG:  checkpoint complete: wrote 4 buffers (0.0%); 0 WAL file(s) added, 0 removed, 0 recycled; write=0.523 s, sync=1.299 s, total=2.385 s; sync files=4, longest=1.246 s, average=0.325 s; distance=5 kB, estimate=1082 kB; lsn=0/19A5BE0, redo lsn=0/19A5BA8
2026-03-25 23:01:29.129 +0545 [12716] LOG:  received smart shutdown request
2026-03-25 23:01:31.453 +0545 [12716] LOG:  background worker "logical replication launcher" (PID 12724) exited with exit code 1
2026-03-25 23:01:31.453 +0545 [12719] LOG:  shutting down
2026-03-25 23:01:32.428 +0545 [12719] LOG:  checkpoint starting: shutdown immediate
2026-03-25 23:01:33.850 +0545 [12719] LOG:  checkpoint complete: wrote 0 buffers (0.0%); 0 WAL file(s) added, 0 removed, 0 recycled; write=0.239 s, sync=0.001 s, total=2.397 s; sync files=0, longest=0.000 s, average=0.000 s; distance=0 kB, estimate=974 kB; lsn=0/19A5C90, redo lsn=0/19A5C90
2026-03-26 08:10:08.150 +0545 [11170] LOG:  starting PostgreSQL 16.13 (Ubuntu 16.13-0ubuntu0.24.04.1) on x86_64-pc-linux-gnu, compiled by gcc (Ubuntu 13.3.0-6ubuntu2~24.04.1) 13.3.0, 64-bit
2026-03-26 08:10:08.218 +0545 [11170] LOG:  listening on Unix socket "/tmp/.s.PGSQL.5432"
2026-03-26 08:10:08.466 +0545 [11173] LOG:  database system was shut down at 2026-03-25 23:01:33 +0545
2026-03-26 08:10:08.631 +0545 [11170] LOG:  database system is ready to accept connections
2026-03-26 08:15:08.565 +0545 [11171] LOG:  checkpoint starting: time
2026-03-26 08:15:11.658 +0545 [11171] LOG:  checkpoint complete: wrote 14 buffers (0.1%); 0 WAL file(s) added, 0 removed, 0 recycled; write=1.247 s, sync=0.070 s, total=3.093 s; sync files=13, longest=0.033 s, average=0.006 s; distance=9 kB, estimate=9 kB; lsn=0/19A8388, redo lsn=0/19A8350
2026-03-26 08:55:19.484 +0545 [11171] LOG:  checkpoint starting: time
2026-03-26 08:55:20.222 +0545 [11171] LOG:  checkpoint complete: wrote 5 buffers (0.0%); 0 WAL file(s) added, 0 removed, 0 recycled; write=0.438 s, sync=0.060 s, total=0.738 s; sync files=5, longest=0.044 s, average=0.012 s; distance=8 kB, estimate=9 kB; lsn=0/19AA6C8, redo lsn=0/19AA690
2026-03-26 09:00:19.972 +0545 [11171] LOG:  checkpoint starting: time
2026-03-26 09:00:20.532 +0545 [11171] LOG:  checkpoint complete: wrote 4 buffers (0.0%); 0 WAL file(s) added, 0 removed, 0 recycled; write=0.337 s, sync=0.062 s, total=0.561 s; sync files=4, longest=0.043 s, average=0.016 s; distance=8 kB, estimate=9 kB; lsn=0/19AC930, redo lsn=0/19AC8F8
2026-03-26 09:27:18.157 +0545 [16896] ERROR:  relation "_prisma_migrations" does not exist at character 126
2026-03-26 09:27:18.157 +0545 [16896] STATEMENT:  SELECT "id", "checksum", "finished_at", "migration_name", "logs", "rolled_back_at", "started_at", "applied_steps_count" FROM "_prisma_migrations" ORDER BY "started_at" ASC
2026-03-26 09:27:19.423 +0545 [16924] FATAL:  terminating connection due to administrator command
2026-03-26 09:27:19.424 +0545 [16924] LOG:  could not send data to client: Broken pipe
2026-03-26 09:27:19.582 +0545 [11171] LOG:  checkpoint starting: immediate force wait
2026-03-26 09:27:20.458 +0545 [11171] LOG:  checkpoint complete: wrote 5 buffers (0.0%); 1 WAL file(s) added, 0 removed, 0 recycled; write=0.175 s, sync=0.070 s, total=0.876 s; sync files=5, longest=0.048 s, average=0.014 s; distance=4286 kB, estimate=4286 kB; lsn=0/1DDC350, redo lsn=0/1DDC318
2026-03-26 09:27:21.816 +0545 [11171] LOG:  checkpoint starting: immediate force wait
2026-03-26 09:27:23.221 +0545 [11171] LOG:  checkpoint complete: wrote 5 buffers (0.0%); 0 WAL file(s) added, 0 removed, 1 recycled; write=0.933 s, sync=0.068 s, total=1.405 s; sync files=5, longest=0.047 s, average=0.014 s; distance=4286 kB, estimate=4286 kB; lsn=0/220BE50, redo lsn=0/220BE18
2026-03-26 09:28:41.445 +0545 [17115] ERROR:  relation "_prisma_migrations" does not exist at character 126
2026-03-26 09:28:41.445 +0545 [17115] STATEMENT:  SELECT "id", "checksum", "finished_at", "migration_name", "logs", "rolled_back_at", "started_at", "applied_steps_count" FROM "_prisma_migrations" ORDER BY "started_at" ASC
2026-03-26 09:28:41.863 +0545 [11171] LOG:  checkpoint starting: immediate force wait
2026-03-26 09:28:42.427 +0545 [11171] LOG:  checkpoint complete: wrote 4 buffers (0.0%); 0 WAL file(s) added, 0 removed, 0 recycled; write=0.207 s, sync=0.067 s, total=0.565 s; sync files=4, longest=0.048 s, average=0.017 s; distance=4287 kB, estimate=4287 kB; lsn=0/263BAC8, redo lsn=0/263BA90
2026-03-26 09:28:43.865 +0545 [11171] LOG:  checkpoint starting: immediate force wait
2026-03-26 09:28:44.425 +0545 [11171] LOG:  checkpoint complete: wrote 4 buffers (0.0%); 0 WAL file(s) added, 0 removed, 0 recycled; write=0.229 s, sync=0.067 s, total=0.561 s; sync files=4, longest=0.048 s, average=0.017 s; distance=4287 kB, estimate=4287 kB; lsn=0/2A6B7B8, redo lsn=0/2A6B780
2026-03-26 09:30:13.707 +0545 [17253] ERROR:  table "_prisma_migrations" does not exist
2026-03-26 09:30:13.707 +0545 [17253] STATEMENT:  DROP TABLE _prisma_migrations
2026-03-26 09:30:21.312 +0545 [17359] LOG:  could not receive data from client: Connection reset by peer
2026-03-26 09:33:43.524 +0545 [11171] LOG:  checkpoint starting: time
2026-03-26 09:33:57.892 +0545 [11171] LOG:  checkpoint complete: wrote 119 buffers (0.7%); 0 WAL file(s) added, 0 removed, 0 recycled; write=11.995 s, sync=2.176 s, total=14.368 s; sync files=100, longest=1.153 s, average=0.022 s; distance=717 kB, estimate=3930 kB; lsn=0/2B1EBD0, redo lsn=0/2B1EB98
2026-03-26 09:38:43.991 +0545 [11171] LOG:  checkpoint starting: time
2026-03-26 09:38:47.220 +0545 [11171] LOG:  checkpoint complete: wrote 6 buffers (0.0%); 0 WAL file(s) added, 0 removed, 0 recycled; write=1.188 s, sync=0.145 s, total=3.229 s; sync files=3, longest=0.095 s, average=0.049 s; distance=8 kB, estimate=3538 kB; lsn=0/2B20CB0, redo lsn=0/2B20C78
2026-03-26 09:44:37.706 +0545 [21025] ERROR:  table "_prisma_migrations" does not exist
2026-03-26 09:44:37.706 +0545 [21025] STATEMENT:  DROP TABLE _prisma_migrations
2026-03-26 09:45:04.990 +0545 [19836] ERROR:  relation "public.User" does not exist at character 294
2026-03-26 09:45:04.990 +0545 [19836] STATEMENT:  SELECT "public"."User"."id", "public"."User"."name", "public"."User"."email", "public"."User"."password", "public"."User"."role"::text, "public"."User"."failedLoginAttempts", "public"."User"."isLocked", "public"."User"."lockedAt", "public"."User"."createdAt", "public"."User"."updatedAt" FROM "public"."User" WHERE ("public"."User"."email" = $1 AND 1=1) LIMIT $2 OFFSET $3
2026-03-26 09:45:29.475 +0545 [21207] ERROR:  relation "public.User" does not exist at character 294
2026-03-26 09:45:29.475 +0545 [21207] STATEMENT:  SELECT "public"."User"."id", "public"."User"."name", "public"."User"."email", "public"."User"."password", "public"."User"."role"::text, "public"."User"."failedLoginAttempts", "public"."User"."isLocked", "public"."User"."lockedAt", "public"."User"."createdAt", "public"."User"."updatedAt" FROM "public"."User" WHERE ("public"."User"."email" = $1 AND 1=1) LIMIT $2 OFFSET $3
2026-03-26 09:48:43.419 +0545 [11171] LOG:  checkpoint starting: time
2026-03-26 09:48:57.056 +0545 [11171] LOG:  checkpoint complete: wrote 106 buffers (0.6%); 0 WAL file(s) added, 0 removed, 0 recycled; write=13.257 s, sync=0.173 s, total=13.637 s; sync files=79, longest=0.051 s, average=0.003 s; distance=727 kB, estimate=3257 kB; lsn=0/2BD6C70, redo lsn=0/2BD6C38
2026-03-26 09:53:43.156 +0545 [11171] LOG:  checkpoint starting: time
2026-03-26 09:53:46.292 +0545 [11171] LOG:  checkpoint complete: wrote 26 buffers (0.2%); 0 WAL file(s) added, 0 removed, 0 recycled; write=2.783 s, sync=0.098 s, total=3.137 s; sync files=14, longest=0.046 s, average=0.007 s; distance=16 kB, estimate=2932 kB; lsn=0/2BDADC0, redo lsn=0/2BDAD50
2026-03-26 09:58:43.392 +0545 [11171] LOG:  checkpoint starting: time
2026-03-26 09:58:45.167 +0545 [11171] LOG:  checkpoint complete: wrote 14 buffers (0.1%); 0 WAL file(s) added, 0 removed, 0 recycled; write=1.452 s, sync=0.140 s, total=1.775 s; sync files=12, longest=0.116 s, average=0.012 s; distance=8 kB, estimate=2640 kB; lsn=0/2BDD010, redo lsn=0/2BDCFD8
2026-03-26 10:03:43.266 +0545 [11171] LOG:  checkpoint starting: time
2026-03-26 10:03:45.042 +0545 [11171] LOG:  checkpoint complete: wrote 14 buffers (0.1%); 0 WAL file(s) added, 0 removed, 0 recycled; write=1.445 s, sync=0.135 s, total=1.776 s; sync files=12, longest=0.112 s, average=0.012 s; distance=11 kB, estimate=2377 kB; lsn=0/2BDFE00, redo lsn=0/2BDFDC8
